C:\DROPBOX\WORKSPACE\OPENCV\OPENCVPRACTICE\DEBUG\MAIN.EXE
C:\DROPBOX\WORKSPACE\OPENCV\OPENCVPRACTICE\DEBUG\MAIN.PDB
C:\Dropbox\workspace\OpenCV\OpenCVPractice\Main\Debug\cl.command.1.tlog
C:\Dropbox\workspace\OpenCV\OpenCVPractice\Main\Debug\CL.read.1.tlog
C:\Dropbox\workspace\OpenCV\OpenCVPractice\Main\Debug\CL.write.1.tlog
C:\DROPBOX\WORKSPACE\OPENCV\OPENCVPRACTICE\MAIN\DEBUG\COLORMULTIPLIER.OBJ
C:\DROPBOX\WORKSPACE\OPENCV\OPENCVPRACTICE\MAIN\DEBUG\HISTOGRAMEQUALIZER.OBJ
C:\Dropbox\workspace\OpenCV\OpenCVPractice\Main\Debug\link.command.1.tlog
C:\Dropbox\workspace\OpenCV\OpenCVPractice\Main\Debug\link.read.1.tlog
C:\Dropbox\workspace\OpenCV\OpenCVPractice\Main\Debug\link.write.1.tlog
C:\DROPBOX\WORKSPACE\OPENCV\OPENCVPRACTICE\MAIN\DEBUG\MAIN.EXE.INTERMEDIATE.MANIFEST
C:\DROPBOX\WORKSPACE\OPENCV\OPENCVPRACTICE\MAIN\DEBUG\MAIN.OBJ
C:\DROPBOX\WORKSPACE\OPENCV\OPENCVPRACTICE\MAIN\DEBUG\MAIN.PCH
C:\Dropbox\workspace\OpenCV\OpenCVPractice\Main\Debug\Main.write.1.tlog
C:\Dropbox\workspace\OpenCV\OpenCVPractice\Main\Debug\mt.command.1.tlog
C:\Dropbox\workspace\OpenCV\OpenCVPractice\Main\Debug\mt.read.1.tlog
C:\Dropbox\workspace\OpenCV\OpenCVPractice\Main\Debug\mt.write.1.tlog
C:\DROPBOX\WORKSPACE\OPENCV\OPENCVPRACTICE\MAIN\DEBUG\STDAFX.OBJ
C:\Dropbox\workspace\OpenCV\OpenCVPractice\Main\Debug\vc100.idb
C:\DROPBOX\WORKSPACE\OPENCV\OPENCVPRACTICE\MAIN\DEBUG\VC100.PDB
