Build started 3/13/2013 10:35:58 PM.
     1>Project "C:\Dropbox\workspace\OpenCV\OpenCVPractice\EdgeDetectors\EdgeDetectors.vcxproj" on node 3 (rebuild target(s)).
     1>_PrepareForClean:
         Deleting file "Debug\EdgeDetectors.lastbuildstate".
       InitializeBuildStatus:
         Creating "Debug\EdgeDetectors.unsuccessfulbuild" because "AlwaysCreate" was specified.
       ClCompile:
         c:\Program Files (x86)\Microsoft Visual Studio 10.0\VC\bin\CL.exe /c /IC:\Dropbox\devtools\opencv\build\include\opencv /IC:\Dropbox\devtools\opencv\build\include /ZI /nologo /W3 /WX- /Od /Oy- /D WIN32 /D _DEBUG /D _CONSOLE /D _UNICODE /D UNICODE /Gm /EHsc /RTC1 /MDd /GS /fp:precise /Zc:wchar_t /Zc:forScope /Yc"StdAfx.h" /Fp"Debug\EdgeDetectors.pch" /Fo"Debug\\" /Fd"Debug\vc100.pdb" /Gd /TP /analyze- /errorReport:prompt stdafx.cpp
         stdafx.cpp
         c:\Program Files (x86)\Microsoft Visual Studio 10.0\VC\bin\CL.exe /c /IC:\Dropbox\devtools\opencv\build\include\opencv /IC:\Dropbox\devtools\opencv\build\include /ZI /nologo /W3 /WX- /Od /Oy- /D WIN32 /D _DEBUG /D _CONSOLE /D _UNICODE /D UNICODE /Gm /EHsc /RTC1 /MDd /GS /fp:precise /Zc:wchar_t /Zc:forScope /Yu"StdAfx.h" /Fp"Debug\EdgeDetectors.pch" /Fo"Debug\\" /Fd"Debug\vc100.pdb" /Gd /TP /analyze- /errorReport:prompt EdgeDetectors.cpp
         EdgeDetectors.cpp
       Link:
         c:\Program Files (x86)\Microsoft Visual Studio 10.0\VC\bin\link.exe /ERRORREPORT:PROMPT /OUT:"C:\Dropbox\workspace\OpenCV\OpenCVPractice\Debug\EdgeDetectors.exe" /INCREMENTAL:NO /NOLOGO /LIBPATH:C:\Dropbox\devtools\opencv\build\x86\vc10\lib kernel32.lib user32.lib gdi32.lib winspool.lib comdlg32.lib advapi32.lib shell32.lib ole32.lib oleaut32.lib uuid.lib odbc32.lib odbccp32.lib kernel32.lib user32.lib gdi32.lib winspool.lib comdlg32.lib advapi32.lib shell32.lib ole32.lib oleaut32.lib uuid.lib odbc32.lib odbccp32.lib opencv_core244d.lib opencv_imgproc244d.lib opencv_highgui244d.lib opencv_ml244d.lib opencv_video244d.lib opencv_features2d244d.lib opencv_calib3d244d.lib opencv_contrib244d.lib opencv_legacy244d.lib opencv_flann244d.lib /MANIFEST /ManifestFile:"Debug\EdgeDetectors.exe.intermediate.manifest" /MANIFESTUAC:"level='asInvoker' uiAccess='false'" /DEBUG /PDB:"C:\Dropbox\workspace\OpenCV\OpenCVPractice\Debug\EdgeDetectors.pdb" /SUBSYSTEM:CONSOLE /TLBID:1 /DYNAMICBASE /NXCOMPAT /IMPLIB:"C:\Dropbox\workspace\OpenCV\OpenCVPractice\Debug\EdgeDetectors.lib" /MACHINE:X86 Debug\EdgeDetectors.obj
         Debug\stdafx.obj
     1>EdgeDetectors.obj : warning LNK4075: ignoring '/EDITANDCONTINUE' due to '/INCREMENTAL:NO' specification
         EdgeDetectors.vcxproj -> C:\Dropbox\workspace\OpenCV\OpenCVPractice\Debug\EdgeDetectors.exe
       Manifest:
         c:\Program Files (x86)\Microsoft SDKs\Windows\v7.0A\bin\mt.exe /nologo /verbose /outputresource:"C:\Dropbox\workspace\OpenCV\OpenCVPractice\Debug\EdgeDetectors.exe;#1" /manifest Debug\EdgeDetectors.exe.intermediate.manifest
       FinalizeBuildStatus:
         Deleting file "Debug\EdgeDetectors.unsuccessfulbuild".
         Touching "Debug\EdgeDetectors.lastbuildstate".
     1>Done Building Project "C:\Dropbox\workspace\OpenCV\OpenCVPractice\EdgeDetectors\EdgeDetectors.vcxproj" (rebuild target(s)).

Build succeeded.

Time Elapsed 00:00:03.05
